DriverTecladoejemplo con distancia cast
Opcion 1 seleccionada.

Opcion 2 seleccionada.

Opcion 4 seleccionada.
Forma = hexagonal

Opcion 6 seleccionada.
Numero Filas = 4

Opcion 8 seleccionada.
Numero Columnas = 10

Opcion 10 seleccionada.
Tiene teclas de 4 lados? = false

Opcion 12 seleccionada.
Numero de Posiciones = 40

Opcion 3 seleccionada.

Opcion 4 seleccionada.
Forma = rectangular

Opcion 5 seleccionada.

Opcion 6 seleccionada.
Numero Filas = 3

Opcion 7 seleccionada.

Opcion 8 seleccionada.
Numero Columnas = 9

Opcion 9 seleccionada.

Opcion 10 seleccionada.
Tiene teclas de 4 lados? = true

Opcion 11 seleccionada.

Opcion 12 seleccionada.
Numero de Posiciones = 27

Opcion 0 seleccionada.
