DriverTeclado
Opcion 1 seleccionada.

Opcion 3 seleccionada.
Forma = hexagonal

Opcion 5 seleccionada.
Numero Filas = 4

Opcion 7 seleccionada.
Numero Columnas = 4

Opcion 9 seleccionada.
Tiene teclas de 4 lados? = false

Opcion 11 seleccionada.
Numero de Posiciones = 16

Opcion 2 seleccionada.
Forma = rectangular

Opcion 3 seleccionada.
Forma = rectangular

Opcion 4 seleccionada.

Opcion 5 seleccionada.
Numero Filas = 2

Opcion 6 seleccionada.

Opcion 7 seleccionada.
Numero Columnas = 3

Opcion 8 seleccionada.

Opcion 9 seleccionada.
Tiene teclas de 4 lados? = true

Opcion 10 seleccionada.

Opcion 11 seleccionada.
Numero de Posiciones = 6

Opcion 0 seleccionada.
