DriverDistancia
Opcion 1 seleccionada.

Opcion 2 seleccionada.

Opcion 4 seleccionada.
Forma del teclado = hexagonal

Opcion 6 seleccionada.
Numero de filas = 4

Opcion 8 seleccionada.
Numero de columnas = 8

Opcion 10 seleccionada.
Numero de posiciones = 30

Opcion 3 seleccionada.

Opcion 4 seleccionada.
Forma del teclado = rectangular

Opcion 5 seleccionada.

Opcion 6 seleccionada.
Numero de filas = 2

Opcion 7 seleccionada.

Opcion 8 seleccionada.
Numero de columnas = 3

Opcion 9 seleccionada.

Opcion 10 seleccionada.
Numero de posiciones = 6

Opcion 11 seleccionada.
null

Opcion 11 seleccionada.
null

Opcion 12 seleccionada.
null

Opcion 12 seleccionada.
null

Opcion 13 seleccionada.
null

Opcion 13 seleccionada.
null

Opcion 13 seleccionada.
null

Opcion 13 seleccionada.
null

Opcion 13 seleccionada.
null

Opcion 13 seleccionada.
null

Opcion 13 seleccionada.
null

Opcion 13 seleccionada.
null

Opcion 13 seleccionada.
null

Opcion 13 seleccionada.
null

Opcion 13 seleccionada.
null

Opcion 13 seleccionada.
null

Opcion 13 seleccionada.
null

Opcion 13 seleccionada.
null

Opcion 13 seleccionada.
null

Opcion 13 seleccionada.
null

Opcion 13 seleccionada.
null

Opcion 13 seleccionada.
null

Opcion 13 seleccionada.
null

Opcion 13 seleccionada.
null

Opcion 13 seleccionada.
null

Opcion 13 seleccionada.
null

Opcion 13 seleccionada.
null

Opcion 13 seleccionada.
null

Opcion 13 seleccionada.
null

Opcion 13 seleccionada.
null

Opcion 13 seleccionada.
null

Opcion 13 seleccionada.
null

Opcion 13 seleccionada.
null

Opcion 13 seleccionada.
null

Opcion 13 seleccionada.
null

Opcion 13 seleccionada.
null

Opcion 13 seleccionada.
null

Opcion 13 seleccionada.
null

Opcion 13 seleccionada.
null

Opcion 13 seleccionada.
null

Opcion  seleccionada.
La opcion elegida no existe.

Opcion  seleccionada.
La opcion elegida no existe.

Opcion 14 seleccionada.
Primeras posiciones = [
null

Opcion 14 seleccionada.
Primeras posiciones = [
null

Opcion 14 seleccionada.
Primeras posiciones = [
null

Opcion 14 seleccionada.
Primeras posiciones = [
null

Opcion 14 seleccionada.
Primeras posiciones = [
null

Opcion 14 seleccionada.
Primeras posiciones = [
null

Opcion 14 seleccionada.
Primeras posiciones = [
null

Opcion 14 seleccionada.
Primeras posiciones = [
null

Opcion 14 seleccionada.
Primeras posiciones = [
null

Opcion 14 seleccionada.
Primeras posiciones = [
null

Opcion 14 seleccionada.
Primeras posiciones = [
null

Opcion 14 seleccionada.
Primeras posiciones = [
null

Opcion 14 seleccionada.
Primeras posiciones = [
null

Opcion 14 seleccionada.
Primeras posiciones = [
null

Opcion 14 seleccionada.
Primeras posiciones = [
null

Opcion 14 seleccionada.
Primeras posiciones = [
null

Opcion 14 seleccionada.
Primeras posiciones = [
null

Opcion 14 seleccionada.
Primeras posiciones = [
null

Opcion 14 seleccionada.
Primeras posiciones = [
null

Opcion 14 seleccionada.
Primeras posiciones = [
null

Opcion 14 seleccionada.
Primeras posiciones = [
null

Opcion 14 seleccionada.
Primeras posiciones = [
null

Opcion 14 seleccionada.
Primeras posiciones = [
null

Opcion 14 seleccionada.
Primeras posiciones = [
null

Opcion 14 seleccionada.
Primeras posiciones = [
null

Opcion 14 seleccionada.
Primeras posiciones = [
null

Opcion 14 seleccionada.
Primeras posiciones = [
null

Opcion 14 seleccionada.
Primeras posiciones = [
null

Opcion 14 seleccionada.
Primeras posiciones = [
null

Opcion 14 seleccionada.
Primeras posiciones = [
null

Opcion 14 seleccionada.
Primeras posiciones = [
null

Opcion 14 seleccionada.
Primeras posiciones = [
null

Opcion 14 seleccionada.
Primeras posiciones = [
null

Opcion 14 seleccionada.
Primeras posiciones = [
null

Opcion 14 seleccionada.
Primeras posiciones = [
null

Opcion 14 seleccionada.
Primeras posiciones = [
null

Opcion 0 seleccionada.
