DriverDistancia
Opcion 1 seleccionada.

Opcion 2 seleccionada.

Opcion 4 seleccionada.
Numero de filas = 4

Opcion 6 seleccionada.
Numero de columnas = 8

Opcion 8 seleccionada.
Numero de posiciones = 30

Opcion 3 seleccionada.

Opcion 4 seleccionada.
Numero de filas = 2

Opcion 5 seleccionada.

Opcion 6 seleccionada.
Numero de columnas = 3

Opcion 7 seleccionada.

Opcion 8 seleccionada.
Numero de posiciones = 6

Opcion 11 seleccionada.

Opcion 12 seleccionada.
Distancias matriz: 
5 1 2 1 1 2 
1 5 1 1 1 1 
2 1 5 2 1 1 
1 1 2 5 1 2 
1 1 1 1 5 1 
2 1 1 2 1 5 

Opcion 9 seleccionada.

Opcion 9 seleccionada.

Opcion 9 seleccionada.

Opcion 9 seleccionada.

Opcion 9 seleccionada.

Opcion 9 seleccionada.

Opcion 12 seleccionada.
Distancias matriz: 
0 1 2 1 1 2 
1 0 1 1 1 1 
2 1 0 2 1 1 
1 1 2 0 1 2 
1 1 1 1 0 1 
2 1 1 2 1 0 

Opcion 0 seleccionada.
